[ 2017-11-07T18:19:04+08:00 ] 127.0.0.1 /
INFO: [ app_begin ] --START--
INFO: Run Behavior\ReadHtmlCacheBehavior [ RunTime:0.000681s ]
INFO: Run Behavior\CheckLangBehavior [ RunTime:0.029812s ]
INFO: [ app_begin ] --END-- [ RunTime:0.031049s ]
SQL: SHOW COLUMNS FROM `ocenter_module` [ RunTime:0.054019s ]
SQL: SELECT `type`,`name`,`value` FROM `ocenter_config` WHERE `status` = 1  [ RunTime:0.000558s ]
SQL: SELECT * FROM `ocenter_module` WHERE `name` = 'Home' LIMIT 1   [ RunTime:0.000307s ]
NOTIC: [8] Undefined variable: token E:\WWW\opsns\Application\Common\Model\ModuleModel.class.php 第 242 行.
SQL: SELECT * FROM `ocenter_module` WHERE `name` = 'Core' LIMIT 1   [ RunTime:0.000332s ]
NOTIC: [8] Undefined variable: token E:\WWW\opsns\Application\Common\Model\ModuleModel.class.php 第 242 行.
SQL: SELECT * FROM `ocenter_module` WHERE `name` = 'Event' LIMIT 1   [ RunTime:0.000288s ]
NOTIC: [8] Undefined variable: token E:\WWW\opsns\Application\Common\Model\ModuleModel.class.php 第 242 行.
SQL: SELECT * FROM `ocenter_module` WHERE `name` = 'Forum' LIMIT 1   [ RunTime:0.000304s ]
SQL: SELECT * FROM `ocenter_module` WHERE `name` = 'Group' LIMIT 1   [ RunTime:0.000302s ]
NOTIC: [8] Undefined variable: token E:\WWW\opsns\Application\Common\Model\ModuleModel.class.php 第 242 行.
NOTIC: [8] Undefined variable: token E:\WWW\opsns\Application\Common\Model\ModuleModel.class.php 第 242 行.
SQL: SELECT * FROM `ocenter_module` WHERE `name` = 'Issue' LIMIT 1   [ RunTime:0.000280s ]
NOTIC: [8] Undefined variable: token E:\WWW\opsns\Application\Common\Model\ModuleModel.class.php 第 242 行.
SQL: SELECT * FROM `ocenter_module` WHERE `name` = 'Mob' LIMIT 1   [ RunTime:0.000294s ]
SQL: SELECT * FROM `ocenter_module` WHERE `name` = 'News' LIMIT 1   [ RunTime:0.000285s ]
SQL: SELECT * FROM `ocenter_module` WHERE `name` = 'Paper' LIMIT 1   [ RunTime:0.000302s ]
NOTIC: [8] Undefined variable: token E:\WWW\opsns\Application\Common\Model\ModuleModel.class.php 第 242 行.
SQL: SELECT * FROM `ocenter_module` WHERE `name` = 'People' LIMIT 1   [ RunTime:0.000343s ]
NOTIC: [8] Undefined variable: token E:\WWW\opsns\Application\Common\Model\ModuleModel.class.php 第 242 行.
SQL: SELECT * FROM `ocenter_module` WHERE `name` = 'Shop' LIMIT 1   [ RunTime:0.000302s ]
NOTIC: [8] Undefined variable: token E:\WWW\opsns\Application\Common\Model\ModuleModel.class.php 第 242 行.
SQL: SELECT * FROM `ocenter_module` WHERE `name` = 'Ucenter' LIMIT 1   [ RunTime:0.000288s ]
NOTIC: [8] Undefined variable: token E:\WWW\opsns\Application\Common\Model\ModuleModel.class.php 第 242 行.
SQL: SELECT * FROM `ocenter_module` WHERE `name` = 'Weibo' LIMIT 1   [ RunTime:0.000315s ]
NOTIC: [8] Undefined variable: token E:\WWW\opsns\Application\Common\Model\ModuleModel.class.php 第 242 行.
SQL: SELECT * FROM `ocenter_module` WHERE `name` = 'Wxxcx' LIMIT 1   [ RunTime:0.000299s ]
NOTIC: [8] Undefined variable: res E:\WWW\opsns\Application\Common\Common\role.php 第 147 行.
INFO: [ action_begin ] --START--
INFO: Run Common\Behavior\InitModuleInfoBehavior [ RunTime:0.000831s ]
INFO: [ action_begin ] --END-- [ RunTime:0.000934s ]
SQL: SELECT `value` FROM `ocenter_config` WHERE `name` = '_CONFIG_FIRST_USER_RUN' LIMIT 1   [ RunTime:0.000256s ]
SQL: SELECT `type`,`name`,`value` FROM `ocenter_config` WHERE `status` = 1  [ RunTime:0.000502s ]
SQL: SELECT `value` FROM `ocenter_config` WHERE `name` = '_HOME_HOME_INDEX_TYPE' LIMIT 1   [ RunTime:0.000203s ]
INFO: [ view_parse ] --START--
INFO: [ template_filter ] --START--
INFO: Run Behavior\ContentReplaceBehavior [ RunTime:0.000763s ]
INFO: [ template_filter ] --END-- [ RunTime:0.000827s ]
INFO: [ syncMeta ] --START--
SQL: SELECT `config` FROM `ocenter_addons` WHERE `name` = 'SyncLogin' AND `status` = 1 LIMIT 1   [ RunTime:0.000256s ]
INFO: Run Addons\SyncLogin\SyncLoginAddon [ RunTime:0.030688s ]
INFO: [ syncMeta ] --END-- [ RunTime:0.030776s ]
NOTIC: [8] Undefined variable: seo E:\WWW\opsns\Runtime\Cache\Home\f34205bb78e763f5e15a3cda2c318fa3.php 第 9 行.
SQL: SHOW COLUMNS FROM `ocenter_seo_rule` [ RunTime:0.033127s ]
NOTIC: [8192] mysql_escape_string(): This function is deprecated; use mysql_real_escape_string() instead. E:\WWW\opsns\Application\Common\Model\SeoRuleModel.class.php 第 78 行.
NOTIC: [8192] mysql_escape_string(): This function is deprecated; use mysql_real_escape_string() instead. E:\WWW\opsns\Application\Common\Model\SeoRuleModel.class.php 第 79 行.
NOTIC: [8192] mysql_escape_string(): This function is deprecated; use mysql_real_escape_string() instead. E:\WWW\opsns\Application\Common\Model\SeoRuleModel.class.php 第 80 行.
SQL: SELECT * FROM `ocenter_seo_rule` WHERE ( (app='' or app='Home') and (controller='' or controller='Index') and (action='' or action='index') and status=1 ) ORDER BY sort asc  [ RunTime:0.000517s ]
SQL: SELECT `value` FROM `ocenter_config` WHERE `name` = '_CONFIG_WEB_SITE_NAME' LIMIT 1   [ RunTime:0.000379s ]
SQL: SELECT `type`,`name`,`value` FROM `ocenter_config` WHERE `status` = 1  [ RunTime:0.000534s ]
SQL: SELECT `value` FROM `ocenter_config` WHERE `name` = '_CONFIG_GET_INFORMATION' LIMIT 1   [ RunTime:0.000211s ]
SQL: SELECT `value` FROM `ocenter_config` WHERE `name` = '_CONFIG_GET_INFORMATION_INTERNAL' LIMIT 1   [ RunTime:0.000219s ]
SQL: SELECT `value` FROM `ocenter_config` WHERE `name` = '_CONFIG_WEBSOCKET_ADDRESS' LIMIT 1   [ RunTime:0.000217s ]
SQL: SELECT `value` FROM `ocenter_config` WHERE `name` = '_CONFIG_WEBSOCKET_PORT' LIMIT 1   [ RunTime:0.000216s ]
SQL: SELECT `value` FROM `ocenter_config` WHERE `name` = '_WEIBO_COMMENT_ORDER' LIMIT 1   [ RunTime:0.000255s ]
SQL: SHOW COLUMNS FROM `ocenter_pushing` [ RunTime:0.005211s ]
ERR: 1146:Table 'opsns.ocenter_pushing' doesn't exist
 [ SQL语句 ] : SHOW COLUMNS FROM `ocenter_pushing`
SQL: SELECT `value` FROM `ocenter_config` WHERE `name` = '_WEIBO_WEIBO_NUM' LIMIT 1   [ RunTime:0.000226s ]
SQL: SHOW COLUMNS FROM `ocenter_member` [ RunTime:0.016688s ]
NOTIC: [8] Undefined offset: 1 E:\WWW\opsns\Application\Common\Model\MemberModel.class.php 第 267 行.
SQL: SHOW COLUMNS FROM `ocenter_user_token` [ RunTime:0.027758s ]
SQL: SELECT * FROM `ocenter_user_token` WHERE `uid` = null LIMIT 1   [ RunTime:0.000170s ]
SQL: SELECT `value` FROM `ocenter_config` WHERE `name` = '_CONFIG_LOGO' LIMIT 1   [ RunTime:0.000260s ]
SQL: SHOW COLUMNS FROM `ocenter_channel` [ RunTime:0.020088s ]
SQL: SELECT `id`,`pid`,`title`,`url`,`sort`,`create_time`,`update_time`,`status`,`target`,`color`,`band_color`,`band_text`,`icon`,`image`,`remark` FROM `ocenter_channel` WHERE `status` = 1 ORDER BY sort  [ RunTime:0.000387s ]
NOTIC: [8] Undefined index: _ E:\WWW\opsns\Runtime\Cache\Home\f34205bb78e763f5e15a3cda2c318fa3.php 第 153 行.
NOTIC: [8] Undefined index: _ E:\WWW\opsns\Runtime\Cache\Home\f34205bb78e763f5e15a3cda2c318fa3.php 第 153 行.
NOTIC: [8] Undefined index: _ E:\WWW\opsns\Runtime\Cache\Home\f34205bb78e763f5e15a3cda2c318fa3.php 第 153 行.
NOTIC: [8] Undefined index: _ E:\WWW\opsns\Runtime\Cache\Home\f34205bb78e763f5e15a3cda2c318fa3.php 第 153 行.
NOTIC: [8] Undefined index: _ E:\WWW\opsns\Runtime\Cache\Home\f34205bb78e763f5e15a3cda2c318fa3.php 第 153 行.
NOTIC: [8] Undefined index: _ E:\WWW\opsns\Runtime\Cache\Home\f34205bb78e763f5e15a3cda2c318fa3.php 第 153 行.
NOTIC: [8] Undefined index: _ E:\WWW\opsns\Runtime\Cache\Home\f34205bb78e763f5e15a3cda2c318fa3.php 第 153 行.
NOTIC: [8] Undefined index: _ E:\WWW\opsns\Runtime\Cache\Home\f34205bb78e763f5e15a3cda2c318fa3.php 第 153 行.
SQL: SELECT `value` FROM `ocenter_config` WHERE `name` = '_USERCONFIG_OPEN_QUICK_LOGIN' LIMIT 1   [ RunTime:0.000271s ]
SQL: SELECT `value` FROM `ocenter_config` WHERE `name` = '_INVITE_REGISTER_TYPE' LIMIT 1   [ RunTime:0.000224s ]
SQL: SHOW COLUMNS FROM `ocenter_auth_rule` [ RunTime:0.027880s ]
SQL: SELECT * FROM `ocenter_auth_rule` WHERE `name` = 'Core/Admin/View' AND `status` = 1 LIMIT 1   [ RunTime:0.000515s ]
SQL: SELECT `value` FROM `ocenter_config` WHERE `name` = '_CONFIG_ABOUT_US' LIMIT 1   [ RunTime:0.000235s ]
SQL: SELECT `type`,`name`,`value` FROM `ocenter_config` WHERE `status` = 1  [ RunTime:0.000692s ]
NOTIC: [8] Undefined variable: token E:\WWW\opsns\Application\Common\Model\ModuleModel.class.php 第 242 行.
NOTIC: [8] Undefined variable: res E:\WWW\opsns\Application\Common\Common\role.php 第 147 行.
INFO: [ action_begin ] --START--
INFO: Run Common\Behavior\InitModuleInfoBehavior [ RunTime:0.000013s ]
INFO: [ action_begin ] --END-- [ RunTime:-0.896680s ]
NOTIC: [2] Missing argument 1 for Common\Widget\SuperLinksWidget::superLinks() E:\WWW\opsns\Application\Common\Widget\SuperLinksWidget.class.php 第 15 行.
SQL: SHOW COLUMNS FROM `ocenter_super_links` [ RunTime:0.017864s ]
SQL: SELECT * FROM `ocenter_super_links` WHERE ( status = 1 ) ORDER BY level desc,id asc  [ RunTime:0.000244s ]
NOTIC: [2] Invalid argument supplied for foreach() E:\WWW\opsns\Application\Common\Model\SuperLinksModel.class.php 第 37 行.
NOTIC: [8] Undefined variable: data E:\WWW\opsns\Application\Common\Model\SuperLinksModel.class.php 第 48 行.
NOTIC: [8] Undefined variable: param E:\WWW\opsns\Application\Common\Widget\SuperLinksWidget.class.php 第 19 行.
INFO: [ view_parse ] --START--
INFO: [ template_filter ] --START--
INFO: Run Behavior\ContentReplaceBehavior [ RunTime:0.000057s ]
INFO: [ template_filter ] --END-- [ RunTime:-0.820907s ]
INFO: Run Behavior\ParseTemplateBehavior [ RunTime:0.006167s ]
INFO: [ view_parse ] --END-- [ RunTime:0.006234s ]
INFO: [ view_filter ] --START--
INFO: Run Behavior\WriteHtmlCacheBehavior [ RunTime:0.000359s ]
INFO: [ view_filter ] --END-- [ RunTime:0.000401s ]
SQL: SELECT `value` FROM `ocenter_config` WHERE `name` = '_CONFIG_QRCODE_BOTTOM' LIMIT 1   [ RunTime:0.000239s ]
SQL: SELECT `value` FROM `ocenter_config` WHERE `name` = '_CONFIG_COMPANY' LIMIT 1   [ RunTime:0.000144s ]
SQL: SELECT `value` FROM `ocenter_config` WHERE `name` = '_CONFIG_COPY_RIGHT' LIMIT 1   [ RunTime:0.000237s ]
SQL: SELECT `value` FROM `ocenter_config` WHERE `name` = '_CONFIG_ICP' LIMIT 1   [ RunTime:0.000295s ]
NOTIC: [8] Undefined variable: site E:\WWW\opsns\Runtime\Cache\Home\f34205bb78e763f5e15a3cda2c318fa3.php 第 612 行.
INFO: [ pageFooter ] --START--
INFO: Run Addons\SuperLinks\SuperLinksAddon [ RunTime:0.001132s ]
INFO: [ pageFooter ] --END-- [ RunTime:0.001192s ]
SQL: SELECT `type`,`name`,`value` FROM `ocenter_config` WHERE `status` = 1  [ RunTime:0.000498s ]
NOTIC: [8] Undefined variable: token E:\WWW\opsns\Application\Common\Model\ModuleModel.class.php 第 242 行.
NOTIC: [8] Undefined variable: res E:\WWW\opsns\Application\Common\Common\role.php 第 147 行.
INFO: [ action_begin ] --START--
INFO: Run Common\Behavior\InitModuleInfoBehavior [ RunTime:0.000013s ]
INFO: [ action_begin ] --END-- [ RunTime:-0.977001s ]
SQL: SHOW COLUMNS FROM `ocenter_announce` [ RunTime:0.020295s ]
SQL: SELECT * FROM `ocenter_announce` WHERE `status` = 1 AND `is_force` = 1 AND `end_time` > 1510049944 ORDER BY sort desc,create_time desc  [ RunTime:0.000201s ]
SQL: SELECT `type`,`name`,`value` FROM `ocenter_config` WHERE `status` = 1  [ RunTime:0.000479s ]
NOTIC: [8] Undefined variable: token E:\WWW\opsns\Application\Common\Model\ModuleModel.class.php 第 242 行.
NOTIC: [8] Undefined variable: res E:\WWW\opsns\Application\Common\Common\role.php 第 147 行.
INFO: [ action_begin ] --START--
INFO: Run Common\Behavior\InitModuleInfoBehavior [ RunTime:0.000011s ]
INFO: [ action_begin ] --END-- [ RunTime:-1.004561s ]
INFO: Run Behavior\ParseTemplateBehavior [ RunTime:0.088019s ]
INFO: [ view_parse ] --END-- [ RunTime:0.006234s ]
INFO: [ view_filter ] --START--
INFO: Run Behavior\WriteHtmlCacheBehavior [ RunTime:0.000012s ]
INFO: [ view_filter ] --END-- [ RunTime:-0.081440s ]

