[ 2017-11-07T18:19:14+08:00 ] 127.0.0.1 /index.php?s=/news/index/index.html
INFO: [ app_begin ] --START--
INFO: Run Behavior\ReadHtmlCacheBehavior [ RunTime:0.000577s ]
INFO: Run Behavior\CheckLangBehavior [ RunTime:0.028427s ]
INFO: [ app_begin ] --END-- [ RunTime:0.029584s ]
SQL: SHOW COLUMNS FROM `ocenter_module` [ RunTime:0.034112s ]
SQL: SELECT `type`,`name`,`value` FROM `ocenter_config` WHERE `status` = 1  [ RunTime:0.000450s ]
NOTIC: [8] Undefined variable: res E:\WWW\opsns\Application\Common\Common\role.php 第 147 行.
INFO: [ action_begin ] --START--
INFO: Run Common\Behavior\InitModuleInfoBehavior [ RunTime:0.000444s ]
INFO: [ action_begin ] --END-- [ RunTime:0.000499s ]
SQL: SELECT `value` FROM `ocenter_config` WHERE `name` = '_MOB_JUMP_MOB' LIMIT 1   [ RunTime:0.000215s ]
NOTIC: [8] Undefined index: keywords E:\WWW\opsns\Application\News\Controller\IndexController.class.php 第 33 行.
SQL: SHOW COLUMNS FROM `ocenter_news` [ RunTime:0.030760s ]
SQL: SHOW COLUMNS FROM `ocenter_news_detail` [ RunTime:0.020837s ]
SQL: SHOW COLUMNS FROM `ocenter_news_category` [ RunTime:0.020885s ]
SQL: SELECT `id`,`title`,`pid`,`can_post`,`need_audit`,`sort`,`status` FROM `ocenter_news_category` WHERE `status` = 1 ORDER BY sort  [ RunTime:0.000281s ]
NOTIC: [8] Undefined index: _ E:\WWW\opsns\Application\News\Controller\IndexController.class.php 第 44 行.
NOTIC: [8] Undefined index: _ E:\WWW\opsns\Application\News\Controller\IndexController.class.php 第 44 行.
SQL: SELECT COUNT(*) AS tp_count FROM `ocenter_news_category` WHERE `can_post` = 1 AND `status` = 1 LIMIT 1   [ RunTime:0.000234s ]
NOTIC: [8] Undefined index: keywords E:\WWW\opsns\Application\News\Controller\IndexController.class.php 第 76 行.
SQL: SELECT `value` FROM `ocenter_config` WHERE `name` = '_NEWS_NEWS_ORDER_FIELD' LIMIT 1   [ RunTime:0.000239s ]
SQL: SELECT `value` FROM `ocenter_config` WHERE `name` = '_NEWS_NEWS_ORDER_TYPE' LIMIT 1   [ RunTime:0.000248s ]
SQL: SELECT `value` FROM `ocenter_config` WHERE `name` = '_NEWS_NEWS_PAGE_NUM' LIMIT 1   [ RunTime:0.000237s ]
SQL: SELECT COUNT(*) AS tp_count FROM `ocenter_news` WHERE `dead_line` > 1510049953 AND `post_time` < 1510049953 AND `status` = 1 LIMIT 1   [ RunTime:0.000276s ]
SQL: SELECT * FROM `ocenter_news` WHERE `dead_line` > 1510049953 AND `post_time` < 1510049953 AND `status` = 1 ORDER BY sort desc,create_time desc LIMIT 0,20   [ RunTime:0.000275s ]
SQL: select nickname from `ocenter_member`,`ocenter_ucenter_member` where uid=id and uid=1 limit 1 [ RunTime:0.000513s ]
SQL: SHOW COLUMNS FROM `ocenter_ucenter_short` [ RunTime:0.017021s ]
SQL: SELECT * FROM `ocenter_ucenter_short` WHERE `uid` = 1 AND `status` = 1 LIMIT 1   [ RunTime:0.000183s ]
INFO: [ view_parse ] --START--
INFO: [ template_filter ] --START--
INFO: Run Behavior\ContentReplaceBehavior [ RunTime:0.000942s ]
INFO: [ template_filter ] --END-- [ RunTime:0.001009s ]
INFO: [ syncMeta ] --START--
INFO: Run Addons\SyncLogin\SyncLoginAddon [ RunTime:0.002212s ]
INFO: [ syncMeta ] --END-- [ RunTime:0.002289s ]
NOTIC: [8] Undefined variable: seo E:\WWW\opsns\Runtime\Cache\News\252de710a813c65aa32677b1ada1383f.php 第 9 行.
SQL: SHOW COLUMNS FROM `ocenter_seo_rule` [ RunTime:0.028034s ]
NOTIC: [8192] mysql_escape_string(): This function is deprecated; use mysql_real_escape_string() instead. E:\WWW\opsns\Application\Common\Model\SeoRuleModel.class.php 第 78 行.
NOTIC: [8192] mysql_escape_string(): This function is deprecated; use mysql_real_escape_string() instead. E:\WWW\opsns\Application\Common\Model\SeoRuleModel.class.php 第 79 行.
NOTIC: [8192] mysql_escape_string(): This function is deprecated; use mysql_real_escape_string() instead. E:\WWW\opsns\Application\Common\Model\SeoRuleModel.class.php 第 80 行.
SQL: SELECT * FROM `ocenter_seo_rule` WHERE ( (app='' or app='News') and (controller='' or controller='Index') and (action='' or action='index') and status=1 ) ORDER BY sort asc  [ RunTime:0.000434s ]
SQL: SELECT `type`,`name`,`value` FROM `ocenter_config` WHERE `status` = 1  [ RunTime:0.000492s ]
SQL: SHOW COLUMNS FROM `ocenter_pushing` [ RunTime:0.004257s ]
ERR: 1146:Table 'opsns.ocenter_pushing' doesn't exist
 [ SQL语句 ] : SHOW COLUMNS FROM `ocenter_pushing`
SQL: SHOW COLUMNS FROM `ocenter_member` [ RunTime:0.025242s ]
NOTIC: [8] Undefined offset: 1 E:\WWW\opsns\Application\Common\Model\MemberModel.class.php 第 267 行.
SQL: SHOW COLUMNS FROM `ocenter_user_token` [ RunTime:0.022884s ]
SQL: SELECT * FROM `ocenter_user_token` WHERE `uid` = null LIMIT 1   [ RunTime:0.000164s ]
SQL: SELECT `value` FROM `ocenter_config` WHERE `name` = '_CONFIG_LOGO' LIMIT 1   [ RunTime:0.000168s ]
SQL: SHOW COLUMNS FROM `ocenter_channel` [ RunTime:0.018471s ]
NOTIC: [8] Undefined index: _ E:\WWW\opsns\Runtime\Cache\News\252de710a813c65aa32677b1ada1383f.php 第 152 行.
NOTIC: [8] Undefined index: _ E:\WWW\opsns\Runtime\Cache\News\252de710a813c65aa32677b1ada1383f.php 第 152 行.
NOTIC: [8] Undefined index: _ E:\WWW\opsns\Runtime\Cache\News\252de710a813c65aa32677b1ada1383f.php 第 152 行.
NOTIC: [8] Undefined index: _ E:\WWW\opsns\Runtime\Cache\News\252de710a813c65aa32677b1ada1383f.php 第 152 行.
NOTIC: [8] Undefined index: _ E:\WWW\opsns\Runtime\Cache\News\252de710a813c65aa32677b1ada1383f.php 第 152 行.
NOTIC: [8] Undefined index: _ E:\WWW\opsns\Runtime\Cache\News\252de710a813c65aa32677b1ada1383f.php 第 152 行.
NOTIC: [8] Undefined index: _ E:\WWW\opsns\Runtime\Cache\News\252de710a813c65aa32677b1ada1383f.php 第 152 行.
NOTIC: [8] Undefined index: _ E:\WWW\opsns\Runtime\Cache\News\252de710a813c65aa32677b1ada1383f.php 第 152 行.
SQL: SHOW COLUMNS FROM `ocenter_auth_rule` [ RunTime:0.024906s ]
SQL: SELECT * FROM `ocenter_auth_rule` WHERE `name` = 'Core/Admin/View' AND `status` = 1 LIMIT 1   [ RunTime:0.000476s ]
SQL: SELECT `type`,`name`,`value` FROM `ocenter_config` WHERE `status` = 1  [ RunTime:0.000468s ]
NOTIC: [8] Undefined variable: res E:\WWW\opsns\Application\Common\Common\role.php 第 147 行.
INFO: [ action_begin ] --START--
INFO: Run Common\Behavior\InitModuleInfoBehavior [ RunTime:0.000012s ]
INFO: [ action_begin ] --END-- [ RunTime:-0.865536s ]
INFO: [ view_parse ] --START--
INFO: [ template_filter ] --START--
INFO: Run Behavior\ContentReplaceBehavior [ RunTime:0.000146s ]
INFO: [ template_filter ] --END-- [ RunTime:-0.652970s ]
NOTIC: [8] Undefined index: children E:\WWW\opsns\Runtime\Cache\News\7ac86ee1d16e058d630e77679d9f3d59.php 第 15 行.
NOTIC: [8] Undefined index: li_class E:\WWW\opsns\Runtime\Cache\News\7ac86ee1d16e058d630e77679d9f3d59.php 第 31 行.
NOTIC: [8] Undefined index: a_class E:\WWW\opsns\Runtime\Cache\News\7ac86ee1d16e058d630e77679d9f3d59.php 第 32 行.
NOTIC: [8] Undefined index: icon E:\WWW\opsns\Runtime\Cache\News\7ac86ee1d16e058d630e77679d9f3d59.php 第 33 行.
NOTIC: [8] Undefined index: children E:\WWW\opsns\Runtime\Cache\News\7ac86ee1d16e058d630e77679d9f3d59.php 第 15 行.
NOTIC: [8] Undefined index: li_class E:\WWW\opsns\Runtime\Cache\News\7ac86ee1d16e058d630e77679d9f3d59.php 第 31 行.
NOTIC: [8] Undefined index: a_class E:\WWW\opsns\Runtime\Cache\News\7ac86ee1d16e058d630e77679d9f3d59.php 第 32 行.
NOTIC: [8] Undefined index: icon E:\WWW\opsns\Runtime\Cache\News\7ac86ee1d16e058d630e77679d9f3d59.php 第 33 行.
NOTIC: [8] Undefined index: children E:\WWW\opsns\Runtime\Cache\News\7ac86ee1d16e058d630e77679d9f3d59.php 第 15 行.
NOTIC: [8] Undefined index: li_class E:\WWW\opsns\Runtime\Cache\News\7ac86ee1d16e058d630e77679d9f3d59.php 第 31 行.
NOTIC: [8] Undefined index: a_class E:\WWW\opsns\Runtime\Cache\News\7ac86ee1d16e058d630e77679d9f3d59.php 第 32 行.
NOTIC: [8] Undefined index: icon E:\WWW\opsns\Runtime\Cache\News\7ac86ee1d16e058d630e77679d9f3d59.php 第 33 行.
NOTIC: [8] Undefined index: type E:\WWW\opsns\Runtime\Cache\News\7ac86ee1d16e058d630e77679d9f3d59.php 第 38 行.
NOTIC: [8] Undefined index: children E:\WWW\opsns\Runtime\Cache\News\7ac86ee1d16e058d630e77679d9f3d59.php 第 50 行.
NOTIC: [8] Undefined index: li_class E:\WWW\opsns\Runtime\Cache\News\7ac86ee1d16e058d630e77679d9f3d59.php 第 66 行.
NOTIC: [8] Undefined index: a_class E:\WWW\opsns\Runtime\Cache\News\7ac86ee1d16e058d630e77679d9f3d59.php 第 67 行.
NOTIC: [8] Undefined index: icon E:\WWW\opsns\Runtime\Cache\News\7ac86ee1d16e058d630e77679d9f3d59.php 第 68 行.
NOTIC: [8] Undefined index: tab E:\WWW\opsns\Runtime\Cache\News\7ac86ee1d16e058d630e77679d9f3d59.php 第 37 行.
NOTIC: [8] Undefined variable: search_keywords E:\WWW\opsns\Runtime\Cache\News\7ac86ee1d16e058d630e77679d9f3d59.php 第 45 行.
INFO: Run Behavior\ParseTemplateBehavior [ RunTime:0.085409s ]
INFO: [ view_parse ] --END-- [ RunTime:0.085464s ]
INFO: [ view_filter ] --START--
INFO: Run Behavior\WriteHtmlCacheBehavior [ RunTime:0.000381s ]
INFO: [ view_filter ] --END-- [ RunTime:0.000426s ]
SQL: SELECT `type`,`name`,`value` FROM `ocenter_config` WHERE `status` = 1  [ RunTime:0.000492s ]
NOTIC: [8] Undefined variable: res E:\WWW\opsns\Application\Common\Common\role.php 第 147 行.
INFO: [ action_begin ] --START--
INFO: Run Common\Behavior\InitModuleInfoBehavior [ RunTime:0.000013s ]
INFO: [ action_begin ] --END-- [ RunTime:-0.956376s ]
SQL: SHOW COLUMNS FROM `ocenter_adv_pos` [ RunTime:0.026467s ]
SQL: SELECT * FROM `ocenter_adv_pos` WHERE `name` = 'index_top' AND `path` = 'News/Index/index' AND `status` = 1 LIMIT 1   [ RunTime:0.000264s ]
SQL: SHOW COLUMNS FROM `ocenter_adv` [ RunTime:0.017815s ]
SQL: SELECT * FROM `ocenter_adv` WHERE `pos_id` = 5 AND `status` = 1 AND `start_time` < 1510049954 AND `end_time` > 1510049954 ORDER BY sort asc  [ RunTime:0.000277s ]
NOTIC: [2] Invalid argument supplied for foreach() E:\WWW\opsns\Application\Common\Model\AdvModel.class.php 第 31 行.
INFO: [ view_parse ] --START--
INFO: [ template_filter ] --START--
INFO: Run Behavior\ContentReplaceBehavior [ RunTime:0.000055s ]
INFO: [ template_filter ] --END-- [ RunTime:-0.807643s ]
SQL: SELECT * FROM `ocenter_auth_rule` WHERE `name` = 'Admin/Adv/adv' AND `status` = 1 LIMIT 1   [ RunTime:0.000525s ]
INFO: Run Behavior\ParseTemplateBehavior [ RunTime:0.025964s ]
INFO: [ view_parse ] --END-- [ RunTime:-0.078387s ]
INFO: [ view_filter ] --START--
INFO: Run Behavior\WriteHtmlCacheBehavior [ RunTime:0.000015s ]
INFO: [ view_filter ] --END-- [ RunTime:-0.103969s ]
SQL: SHOW COLUMNS FROM `ocenter_picture` [ RunTime:0.029358s ]
SQL: SELECT * FROM `ocenter_picture` WHERE `status` = 1 AND `id` = 1 LIMIT 1   [ RunTime:0.000306s ]
SQL: SELECT * FROM `ocenter_adv_pos` WHERE `name` = 'index_right_top' AND `path` = 'News/Index/index' AND `status` = 1 LIMIT 1   [ RunTime:0.000308s ]
SQL: SELECT * FROM `ocenter_adv` WHERE `pos_id` = 7 AND `status` = 1 AND `start_time` < 1510049954 AND `end_time` > 1510049954 ORDER BY sort asc  [ RunTime:0.000246s ]
NOTIC: [2] Invalid argument supplied for foreach() E:\WWW\opsns\Application\Common\Model\AdvModel.class.php 第 31 行.
INFO: [ view_parse ] --START--
INFO: [ template_filter ] --START--
INFO: Run Behavior\ContentReplaceBehavior [ RunTime:0.000058s ]
INFO: [ template_filter ] --END-- [ RunTime:-0.901480s ]
SQL: SELECT * FROM `ocenter_auth_rule` WHERE `name` = 'Admin/Adv/adv' AND `status` = 1 LIMIT 1   [ RunTime:0.000480s ]
INFO: Run Behavior\ParseTemplateBehavior [ RunTime:0.006076s ]
INFO: [ view_parse ] --END-- [ RunTime:-0.172324s ]
INFO: [ view_filter ] --START--
INFO: Run Behavior\WriteHtmlCacheBehavior [ RunTime:0.000015s ]
INFO: [ view_filter ] --END-- [ RunTime:-0.178020s ]
SQL: SELECT `type`,`name`,`value` FROM `ocenter_config` WHERE `status` = 1  [ RunTime:0.000469s ]
NOTIC: [8] Undefined variable: res E:\WWW\opsns\Application\Common\Common\role.php 第 147 行.
INFO: [ action_begin ] --START--
INFO: Run Common\Behavior\InitModuleInfoBehavior [ RunTime:0.000012s ]
INFO: [ action_begin ] --END-- [ RunTime:-1.134154s ]
NOTIC: [2] Missing argument 2 for News\Widget\PositionWidget::lists() E:\WWW\opsns\Application\News\Widget\PositionWidget.class.php 第 14 行.
NOTIC: [2] Missing argument 4 for News\Widget\PositionWidget::lists() E:\WWW\opsns\Application\News\Widget\PositionWidget.class.php 第 14 行.
NOTIC: [8] Undefined variable: category E:\WWW\opsns\Application\News\Widget\PositionWidget.class.php 第 23 行.
NOTIC: [8] Undefined variable: filed E:\WWW\opsns\Application\News\Widget\PositionWidget.class.php 第 23 行.
SQL: SELECT * FROM `ocenter_news` WHERE `status` = 1 AND `dead_line` > 1510049954 AND ( position & 2 = 2 ) ORDER BY sort desc,view desc LIMIT 5   [ RunTime:0.000291s ]
NOTIC: [2] Invalid argument supplied for foreach() E:\WWW\opsns\Application\News\Widget\PositionWidget.class.php 第 24 行.
INFO: [ view_parse ] --START--
INFO: [ template_filter ] --START--
INFO: Run Behavior\ContentReplaceBehavior [ RunTime:0.000081s ]
INFO: [ template_filter ] --END-- [ RunTime:-0.914858s ]
INFO: Run Behavior\ParseTemplateBehavior [ RunTime:0.066517s ]
INFO: [ view_parse ] --END-- [ RunTime:-0.183104s ]
INFO: [ view_filter ] --START--
INFO: Run Behavior\WriteHtmlCacheBehavior [ RunTime:0.000014s ]
INFO: [ view_filter ] --END-- [ RunTime:-0.249254s ]
NOTIC: [8] Undefined variable: now_category E:\WWW\opsns\Runtime\Cache\News\252de710a813c65aa32677b1ada1383f.php 第 507 行.
SQL: SELECT `type`,`name`,`value` FROM `ocenter_config` WHERE `status` = 1  [ RunTime:0.000486s ]
NOTIC: [8] Undefined variable: res E:\WWW\opsns\Application\Common\Common\role.php 第 147 行.
INFO: [ action_begin ] --START--
INFO: Run Common\Behavior\InitModuleInfoBehavior [ RunTime:0.000011s ]
INFO: [ action_begin ] --END-- [ RunTime:-1.205345s ]
SQL: SELECT * FROM `ocenter_news` WHERE `status` = 1 AND `dead_line` > 1510049954 AND `post_time` < 1510049954 AND `update_time` > 1509445154 ORDER BY view desc LIMIT 5   [ RunTime:0.000378s ]
INFO: [ view_parse ] --START--
INFO: [ template_filter ] --START--
INFO: Run Behavior\ContentReplaceBehavior [ RunTime:0.000083s ]
INFO: [ template_filter ] --END-- [ RunTime:-0.986719s ]
INFO: Run Behavior\ParseTemplateBehavior [ RunTime:0.056288s ]
INFO: [ view_parse ] --END-- [ RunTime:-0.255108s ]
INFO: [ view_filter ] --START--
INFO: Run Behavior\WriteHtmlCacheBehavior [ RunTime:0.000013s ]
INFO: [ view_filter ] --END-- [ RunTime:-0.311026s ]
SQL: SELECT * FROM `ocenter_adv_pos` WHERE `name` = 'index_bottom_top' AND `path` = 'News/Index/index' AND `status` = 1 LIMIT 1   [ RunTime:0.000296s ]
SQL: SELECT * FROM `ocenter_adv` WHERE `pos_id` = 6 AND `status` = 1 AND `start_time` < 1510049954 AND `end_time` > 1510049954 ORDER BY sort asc  [ RunTime:0.000265s ]
NOTIC: [2] Invalid argument supplied for foreach() E:\WWW\opsns\Application\Common\Model\AdvModel.class.php 第 31 行.
INFO: [ view_parse ] --START--
INFO: [ template_filter ] --START--
INFO: Run Behavior\ContentReplaceBehavior [ RunTime:0.000057s ]
INFO: [ template_filter ] --END-- [ RunTime:-1.061234s ]
SQL: SELECT * FROM `ocenter_auth_rule` WHERE `name` = 'Admin/Adv/adv' AND `status` = 1 LIMIT 1   [ RunTime:0.000552s ]
INFO: Run Behavior\ParseTemplateBehavior [ RunTime:0.009403s ]
INFO: [ view_parse ] --END-- [ RunTime:-0.332046s ]
INFO: [ view_filter ] --START--
INFO: Run Behavior\WriteHtmlCacheBehavior [ RunTime:0.000013s ]
INFO: [ view_filter ] --END-- [ RunTime:-0.341066s ]
SQL: SELECT `type`,`name`,`value` FROM `ocenter_config` WHERE `status` = 1  [ RunTime:0.000519s ]
NOTIC: [8] Undefined variable: res E:\WWW\opsns\Application\Common\Common\role.php 第 147 行.
INFO: [ action_begin ] --START--
INFO: Run Common\Behavior\InitModuleInfoBehavior [ RunTime:0.000013s ]
INFO: [ action_begin ] --END-- [ RunTime:-1.297620s ]
NOTIC: [2] Missing argument 1 for Common\Widget\SuperLinksWidget::superLinks() E:\WWW\opsns\Application\Common\Widget\SuperLinksWidget.class.php 第 15 行.
SQL: SHOW COLUMNS FROM `ocenter_super_links` [ RunTime:0.016757s ]
SQL: SELECT * FROM `ocenter_super_links` WHERE ( status = 1 ) ORDER BY level desc,id asc  [ RunTime:0.000204s ]
NOTIC: [2] Invalid argument supplied for foreach() E:\WWW\opsns\Application\Common\Model\SuperLinksModel.class.php 第 37 行.
NOTIC: [8] Undefined variable: data E:\WWW\opsns\Application\Common\Model\SuperLinksModel.class.php 第 48 行.
NOTIC: [8] Undefined variable: param E:\WWW\opsns\Application\Common\Widget\SuperLinksWidget.class.php 第 19 行.
INFO: [ view_parse ] --START--
INFO: [ template_filter ] --START--
INFO: Run Behavior\ContentReplaceBehavior [ RunTime:0.000057s ]
INFO: [ template_filter ] --END-- [ RunTime:-1.094980s ]
INFO: Run Behavior\ParseTemplateBehavior [ RunTime:0.007076s ]
INFO: [ view_parse ] --END-- [ RunTime:-0.364226s ]
INFO: [ view_filter ] --START--
INFO: Run Behavior\WriteHtmlCacheBehavior [ RunTime:0.000016s ]
INFO: [ view_filter ] --END-- [ RunTime:-0.370938s ]
SQL: SELECT `value` FROM `ocenter_config` WHERE `name` = '_CONFIG_QRCODE_BOTTOM' LIMIT 1   [ RunTime:0.000253s ]
NOTIC: [8] Undefined variable: site E:\WWW\opsns\Runtime\Cache\News\252de710a813c65aa32677b1ada1383f.php 第 576 行.
INFO: [ pageFooter ] --START--
INFO: Run Addons\SuperLinks\SuperLinksAddon [ RunTime:0.001027s ]
INFO: [ pageFooter ] --END-- [ RunTime:0.001082s ]
SQL: SELECT `type`,`name`,`value` FROM `ocenter_config` WHERE `status` = 1  [ RunTime:0.000510s ]
NOTIC: [8] Undefined variable: res E:\WWW\opsns\Application\Common\Common\role.php 第 147 行.
INFO: [ action_begin ] --START--
INFO: Run Common\Behavior\InitModuleInfoBehavior [ RunTime:0.000012s ]
INFO: [ action_begin ] --END-- [ RunTime:-1.329708s ]
SQL: SELECT `type`,`name`,`value` FROM `ocenter_config` WHERE `status` = 1  [ RunTime:0.000522s ]
NOTIC: [8] Undefined variable: res E:\WWW\opsns\Application\Common\Common\role.php 第 147 行.
INFO: [ action_begin ] --START--
INFO: Run Common\Behavior\InitModuleInfoBehavior [ RunTime:0.000013s ]
INFO: [ action_begin ] --END-- [ RunTime:-1.333504s ]
INFO: Run Behavior\ParseTemplateBehavior [ RunTime:0.017330s ]
INFO: [ view_parse ] --END-- [ RunTime:-0.364226s ]
INFO: [ view_filter ] --START--
INFO: Run Behavior\WriteHtmlCacheBehavior [ RunTime:0.000014s ]
INFO: [ view_filter ] --END-- [ RunTime:-0.381177s ]
INFO: [ app_end ] --START--
INFO: Run Behavior\ShowPageTraceBehavior [ RunTime:0.000826s ]
INFO: [ app_end ] --END-- [ RunTime:0.000896s ]

