[ 2017-11-07T18:21:07+08:00 ] 127.0.0.1 /index.php?s=/admin/user/index.html
INFO: [ app_begin ] --START--
INFO: Run Behavior\ReadHtmlCacheBehavior [ RunTime:0.000573s ]
INFO: Run Behavior\CheckLangBehavior [ RunTime:0.027481s ]
INFO: [ app_begin ] --END-- [ RunTime:0.028444s ]
SQL: SHOW COLUMNS FROM `ocenter_module` [ RunTime:0.019560s ]
SQL: SELECT `type`,`name`,`value` FROM `ocenter_config` WHERE `status` = 1  [ RunTime:0.000330s ]
SQL: SELECT * FROM `ocenter_module` WHERE `name` = 'Admin' LIMIT 1   [ RunTime:0.000230s ]
INFO: [ action_begin ] --START--
INFO: Run Common\Behavior\InitModuleInfoBehavior [ RunTime:0.000469s ]
INFO: [ action_begin ] --END-- [ RunTime:0.000523s ]
SQL: SELECT `type`,`name`,`value` FROM `ocenter_config` WHERE `status` = 1  [ RunTime:0.000448s ]
SQL: SHOW COLUMNS FROM `ocenter_menu` [ RunTime:0.069185s ]
SQL: SELECT * FROM `ocenter_menu` WHERE `pid` = 0 AND `is_dev` = 0 ORDER BY sort asc  [ RunTime:0.000480s ]
SQL: SELECT DISTINCT  `group` FROM `ocenter_menu` WHERE ( pid = 10000 ) ORDER BY sort asc  [ RunTime:0.000278s ]
SQL: SELECT `id`,`url` FROM `ocenter_menu` WHERE `pid` = 10000 AND `hide` = 0 AND `is_dev` = 0  [ RunTime:0.000146s ]
SQL: SELECT `id`,`pid`,`title`,`url`,`tip` FROM `ocenter_menu` WHERE `group` = 'è®¾ç½®' AND `pid` = 10000 AND `hide` = 0 AND `is_dev` = 0 ORDER BY sort asc  [ RunTime:0.000169s ]
SQL: SELECT DISTINCT  `group` FROM `ocenter_menu` WHERE ( pid = 10018 ) ORDER BY sort asc  [ RunTime:0.000263s ]
SQL: SELECT `id`,`url` FROM `ocenter_menu` WHERE `pid` = 10018 AND `hide` = 0 AND `is_dev` = 0  [ RunTime:0.000147s ]
SQL: SELECT `id`,`pid`,`title`,`url`,`tip` FROM `ocenter_menu` WHERE `group` = 'é…ç½®ç®¡ç†' AND `pid` = 10018 AND `hide` = 0 AND `is_dev` = 0 ORDER BY sort asc  [ RunTime:0.000178s ]
SQL: SELECT `id`,`pid`,`title`,`url`,`tip` FROM `ocenter_menu` WHERE `group` = 'æ–‡ç« ç®¡ç†' AND `pid` = 10018 AND `hide` = 0 AND `is_dev` = 0 ORDER BY sort asc  [ RunTime:0.000199s ]
SQL: SELECT DISTINCT  `group` FROM `ocenter_menu` WHERE ( pid = 10051 ) ORDER BY sort asc  [ RunTime:0.000226s ]
SQL: SELECT `id`,`url` FROM `ocenter_menu` WHERE `pid` = 10051 AND `hide` = 0 AND `is_dev` = 0  [ RunTime:0.000139s ]
SQL: SELECT `id`,`pid`,`title`,`url`,`tip` FROM `ocenter_menu` WHERE `group` = 'è®¾ç½®' AND `pid` = 10051 AND `hide` = 0 AND `is_dev` = 0 ORDER BY sort asc  [ RunTime:0.000256s ]
SQL: SELECT DISTINCT  `group` FROM `ocenter_menu` WHERE ( pid = 1 ) ORDER BY sort asc  [ RunTime:0.000346s ]
SQL: SELECT `id`,`url` FROM `ocenter_menu` WHERE `pid` = 1 AND `hide` = 0 AND `is_dev` = 0  [ RunTime:0.000223s ]
SQL: SELECT `id`,`pid`,`title`,`url`,`tip` FROM `ocenter_menu` WHERE `group` = 'æ¨¡å—æƒé™' AND `pid` = 1 AND `hide` = 0 AND `is_dev` = 0 ORDER BY sort asc  [ RunTime:0.000260s ]
SQL: SELECT `id`,`pid`,`title`,`url`,`tip` FROM `ocenter_menu` WHERE `group` = 'ç³»ç»Ÿé¦–é¡µ' AND `pid` = 1 AND `hide` = 0 AND `is_dev` = 0 ORDER BY sort asc  [ RunTime:0.000249s ]
SQL: SELECT `id`,`pid`,`title`,`url`,`tip` FROM `ocenter_menu` WHERE `group` = 'æ•°æ®ç»Ÿè®¡' AND `pid` = 1 AND `hide` = 0 AND `is_dev` = 0 ORDER BY sort asc  [ RunTime:0.000286s ]
SQL: SELECT DISTINCT  `group` FROM `ocenter_menu` WHERE ( pid = 2 ) ORDER BY sort asc  [ RunTime:0.000436s ]
SQL: SELECT `id`,`url` FROM `ocenter_menu` WHERE `pid` = 2 AND `hide` = 0 AND `is_dev` = 0  [ RunTime:0.000327s ]
SQL: SELECT `id`,`pid`,`title`,`url`,`tip` FROM `ocenter_menu` WHERE `group` = 'è®¤è¯ç®¡ç†' AND `pid` = 2 AND `hide` = 0 AND `is_dev` = 0 ORDER BY sort asc  [ RunTime:0.000348s ]
SQL: SELECT `id`,`pid`,`title`,`url`,`tip` FROM `ocenter_menu` WHERE `group` = 'å¤´è¡”ç®¡ç†' AND `pid` = 2 AND `hide` = 0 AND `is_dev` = 0 ORDER BY sort asc  [ RunTime:0.000400s ]
SQL: SELECT `id`,`pid`,`title`,`url`,`tip` FROM `ocenter_menu` WHERE `group` = 'èº«ä»½ç®¡ç†' AND `pid` = 2 AND `hide` = 0 AND `is_dev` = 0 ORDER BY sort asc  [ RunTime:0.000563s ]
SQL: SELECT `id`,`pid`,`title`,`url`,`tip` FROM `ocenter_menu` WHERE `group` = 'ç”¨æˆ·é…ç½®' AND `pid` = 2 AND `hide` = 0 AND `is_dev` = 0 ORDER BY sort asc  [ RunTime:0.000580s ]
SQL: SELECT `id`,`pid`,`title`,`url`,`tip` FROM `ocenter_menu` WHERE `group` = '' AND `pid` = 2 AND `hide` = 0 AND `is_dev` = 0 ORDER BY sort asc  [ RunTime:0.000470s ]
SQL: SELECT `id`,`pid`,`title`,`url`,`tip` FROM `ocenter_menu` WHERE `group` = 'æ ‡ç­¾ä¸Žèµ„æ–\™' AND `pid` = 2 AND `hide` = 0 AND `is_dev` = 0 ORDER BY sort asc  [ RunTime:0.002205s ]
SQL: SELECT DISTINCT  `group` FROM `ocenter_menu` WHERE ( pid = 197 ) ORDER BY sort asc  [ RunTime:0.000674s ]
SQL: SELECT `id`,`url` FROM `ocenter_menu` WHERE `pid` = 197 AND `hide` = 0 AND `is_dev` = 0  [ RunTime:0.000515s ]
SQL: SELECT `id`,`pid`,`title`,`url`,`tip` FROM `ocenter_menu` WHERE `group` = 'æ•æ„Ÿè¯\' AND `pid` = 197 AND `hide` = 0 AND `is_dev` = 0 ORDER BY sort asc  [ RunTime:0.000495s ]
SQL: SELECT `id`,`pid`,`title`,`url`,`tip` FROM `ocenter_menu` WHERE `group` = 'å¹¿å‘Šé…ç½®' AND `pid` = 197 AND `hide` = 0 AND `is_dev` = 0 ORDER BY sort asc  [ RunTime:0.000435s ]
SQL: SELECT `id`,`pid`,`title`,`url`,`tip` FROM `ocenter_menu` WHERE `group` = 'å›¾ç‰‡ç®¡ç†' AND `pid` = 197 AND `hide` = 0 AND `is_dev` = 0 ORDER BY sort asc  [ RunTime:0.000421s ]
SQL: SELECT `id`,`pid`,`title`,`url`,`tip` FROM `ocenter_menu` WHERE `group` = 'å‹é“¾ä¸Žå…¬å‘\Š' AND `pid` = 197 AND `hide` = 0 AND `is_dev` = 0 ORDER BY sort asc  [ RunTime:0.000437s ]
SQL: SELECT `id`,`pid`,`title`,`url`,`tip` FROM `ocenter_menu` WHERE `group` = 'è¡Œä¸ºä¸Žç§¯åˆ\†' AND `pid` = 197 AND `hide` = 0 AND `is_dev` = 0 ORDER BY sort asc  [ RunTime:0.000476s ]
SQL: SELECT `id`,`pid`,`title`,`url`,`tip` FROM `ocenter_menu` WHERE `group` = 'è¡¨æƒ…ç®¡ç†' AND `pid` = 197 AND `hide` = 0 AND `is_dev` = 0 ORDER BY sort asc  [ RunTime:0.000369s ]
SQL: SELECT `id`,`pid`,`title`,`url`,`tip` FROM `ocenter_menu` WHERE `group` = '' AND `pid` = 197 AND `hide` = 0 AND `is_dev` = 0 ORDER BY sort asc  [ RunTime:0.000355s ]
SQL: SELECT `id`,`pid`,`title`,`url`,`tip` FROM `ocenter_menu` WHERE `group` = 'ç¾¤å‘æ¶ˆæ¯' AND `pid` = 197 AND `hide` = 0 AND `is_dev` = 0 ORDER BY sort asc  [ RunTime:0.000526s ]
SQL: SELECT `id`,`pid`,`title`,`url`,`tip` FROM `ocenter_menu` WHERE `group` = 'é‚€è¯·æ³¨å†Œç®¡ç\†' AND `pid` = 197 AND `hide` = 0 AND `is_dev` = 0 ORDER BY sort asc  [ RunTime:0.000559s ]
SQL: SELECT `id`,`pid`,`title`,`url`,`tip` FROM `ocenter_menu` WHERE `group` = 'SEOç®¡ç†' AND `pid` = 197 AND `hide` = 0 AND `is_dev` = 0 ORDER BY sort asc  [ RunTime:0.000481s ]
SQL: SELECT DISTINCT  `group` FROM `ocenter_menu` WHERE ( pid = 74 ) ORDER BY sort asc  [ RunTime:0.000466s ]
SQL: SELECT `id`,`url` FROM `ocenter_menu` WHERE `pid` = 74 AND `hide` = 0 AND `is_dev` = 0  [ RunTime:0.000316s ]
SQL: SELECT `id`,`pid`,`title`,`url`,`tip` FROM `ocenter_menu` WHERE `group` = 'æ¶ˆæ¯ç®¡ç†' AND `pid` = 74 AND `hide` = 0 AND `is_dev` = 0 ORDER BY sort asc  [ RunTime:0.000291s ]
SQL: SELECT `id`,`pid`,`title`,`url`,`tip` FROM `ocenter_menu` WHERE `group` = 'ç½‘ç«™è®¾ç½®' AND `pid` = 74 AND `hide` = 0 AND `is_dev` = 0 ORDER BY sort asc  [ RunTime:0.000280s ]
SQL: SELECT `id`,`pid`,`title`,`url`,`tip` FROM `ocenter_menu` WHERE `group` = 'å¯¼èˆªç®¡ç†' AND `pid` = 74 AND `hide` = 0 AND `is_dev` = 0 ORDER BY sort asc  [ RunTime:0.000342s ]
SQL: SELECT `id`,`pid`,`title`,`url`,`tip` FROM `ocenter_menu` WHERE `group` = 'ç³»ç»Ÿè®¾ç½®' AND `pid` = 74 AND `hide` = 0 AND `is_dev` = 0 ORDER BY sort asc  [ RunTime:0.000308s ]
SQL: SELECT `id`,`pid`,`title`,`url`,`tip` FROM `ocenter_menu` WHERE `group` = 'ç½‘ç«™æ•°æ®ç®¡ç†' AND `pid` = 74 AND `hide` = 0 AND `is_dev` = 0 ORDER BY sort asc  [ RunTime:0.000316s ]
SQL: SELECT `id`,`pid`,`title`,`url`,`tip` FROM `ocenter_menu` WHERE `group` = 'å‡çº§è¡¥ä¸' AND `pid` = 74 AND `hide` = 0 AND `is_dev` = 0 ORDER BY sort asc  [ RunTime:0.000232s ]
SQL: SELECT `id`,`pid`,`title`,`url`,`tip` FROM `ocenter_menu` WHERE `group` = 'è®¡åˆ’ä»»åŠ¡' AND `pid` = 74 AND `hide` = 0 AND `is_dev` = 0 ORDER BY sort asc  [ RunTime:0.000254s ]
SQL: SELECT `id`,`pid`,`title`,`url`,`tip` FROM `ocenter_menu` WHERE `group` = 'ç¾¤å‘æ¶ˆæ¯' AND `pid` = 74 AND `hide` = 0 AND `is_dev` = 0 ORDER BY sort asc  [ RunTime:0.000241s ]
SQL: SELECT DISTINCT  `group` FROM `ocenter_menu` WHERE ( pid = 10002 ) ORDER BY sort asc  [ RunTime:0.000377s ]
SQL: SELECT `id`,`url` FROM `ocenter_menu` WHERE `pid` = 10002 AND `hide` = 0 AND `is_dev` = 0  [ RunTime:0.000238s ]
SQL: SELECT `id`,`pid`,`title`,`url`,`tip` FROM `ocenter_menu` WHERE `group` = 'è®¾ç½®' AND `pid` = 10002 AND `hide` = 0 AND `is_dev` = 0 ORDER BY sort asc  [ RunTime:0.000258s ]
SQL: SELECT `id`,`pid`,`title`,`url`,`tip` FROM `ocenter_menu` WHERE `group` = '' AND `pid` = 10002 AND `hide` = 0 AND `is_dev` = 0 ORDER BY sort asc  [ RunTime:0.000234s ]
SQL: SELECT `id`,`pid`,`title`,`url`,`tip` FROM `ocenter_menu` WHERE `group` = 'è¯é¢˜ç®¡ç†' AND `pid` = 10002 AND `hide` = 0 AND `is_dev` = 0 ORDER BY sort asc  [ RunTime:0.000259s ]
SQL: SELECT `id`,`pid`,`title`,`url`,`tip` FROM `ocenter_menu` WHERE `group` = 'å¾®åš' AND `pid` = 10002 AND `hide` = 0 AND `is_dev` = 0 ORDER BY sort asc  [ RunTime:0.000251s ]
SQL: SELECT `id`,`pid`,`title`,`url`,`tip` FROM `ocenter_menu` WHERE `group` = 'å›žå¤' AND `pid` = 10002 AND `hide` = 0 AND `is_dev` = 0 ORDER BY sort asc  [ RunTime:0.000270s ]
SQL: SELECT DISTINCT  `group` FROM `ocenter_menu` WHERE ( pid = 105 ) ORDER BY sort asc  [ RunTime:0.000328s ]
SQL: SELECT `id`,`url` FROM `ocenter_menu` WHERE `pid` = 105 AND `hide` = 0 AND `is_dev` = 0  [ RunTime:0.000213s ]
SQL: SELECT `id`,`pid`,`title`,`url`,`tip` FROM `ocenter_menu` WHERE `group` = 'äº‘å¸‚åœ\º' AND `pid` = 105 AND `hide` = 0 AND `is_dev` = 0 ORDER BY sort asc  [ RunTime:0.000265s ]
SQL: SELECT `id`,`pid`,`title`,`url`,`tip` FROM `ocenter_menu` WHERE `group` = 'æœ¬åœ°' AND `pid` = 105 AND `hide` = 0 AND `is_dev` = 0 ORDER BY sort asc  [ RunTime:0.000237s ]
SQL: SHOW COLUMNS FROM `ocenter_addons` [ RunTime:0.021019s ]
SQL: SELECT `title`,`name` FROM `ocenter_addons` WHERE ( status=1 AND has_adminlist=1 )  [ RunTime:0.000240s ]
SQL: SELECT DISTINCT  `group` FROM `ocenter_menu` WHERE ( pid = 10016 ) ORDER BY sort asc  [ RunTime:0.000348s ]
SQL: SELECT `id`,`url` FROM `ocenter_menu` WHERE `pid` = 10016 AND `hide` = 0 AND `is_dev` = 0  [ RunTime:0.000151s ]
SQL: SELECT `id`,`pid`,`title`,`url`,`tip` FROM `ocenter_menu` WHERE `group` = 'é…ç½®' AND `pid` = 10016 AND `hide` = 0 AND `is_dev` = 0 ORDER BY sort asc  [ RunTime:0.000253s ]
SQL: SELECT DISTINCT  `group` FROM `ocenter_menu` WHERE ( pid = 10026 ) ORDER BY sort asc  [ RunTime:0.000357s ]
SQL: SELECT `id`,`url` FROM `ocenter_menu` WHERE `pid` = 10026 AND `hide` = 0 AND `is_dev` = 0  [ RunTime:0.000206s ]
SQL: SELECT `id`,`pid`,`title`,`url`,`tip` FROM `ocenter_menu` WHERE `group` = 'èµ„è®¯é…ç½®' AND `pid` = 10026 AND `hide` = 0 AND `is_dev` = 0 ORDER BY sort asc  [ RunTime:0.000214s ]
SQL: SELECT `id`,`pid`,`title`,`url`,`tip` FROM `ocenter_menu` WHERE `group` = 'èµ„è®¯ç®¡ç†' AND `pid` = 10026 AND `hide` = 0 AND `is_dev` = 0 ORDER BY sort asc  [ RunTime:0.000225s ]
SQL: SELECT DISTINCT  `group` FROM `ocenter_menu` WHERE ( pid = 10038 ) ORDER BY sort asc  [ RunTime:0.000281s ]
SQL: SELECT `id`,`url` FROM `ocenter_menu` WHERE `pid` = 10038 AND `hide` = 0 AND `is_dev` = 0  [ RunTime:0.000179s ]
SQL: SELECT `id`,`pid`,`title`,`url`,`tip` FROM `ocenter_menu` WHERE `group` = 'å†…å®¹ç®¡ç†' AND `pid` = 10038 AND `hide` = 0 AND `is_dev` = 0 ORDER BY sort asc  [ RunTime:0.000240s ]
SQL: SELECT `id`,`pid`,`title`,`url`,`tip` FROM `ocenter_menu` WHERE `group` = 'è®¾ç½®' AND `pid` = 10038 AND `hide` = 0 AND `is_dev` = 0 ORDER BY sort asc  [ RunTime:0.000206s ]
SQL: SELECT `id`,`pid`,`title`,`url`,`tip` FROM `ocenter_menu` WHERE `group` = 'æ´»åŠ¨åˆ†ç±»ç®¡ç†' AND `pid` = 10038 AND `hide` = 0 AND `is_dev` = 0 ORDER BY sort asc  [ RunTime:0.000220s ]
SQL: SELECT `id` FROM `ocenter_menu` WHERE ( url like 'User/index%' OR url like '%/User/index%'   ) LIMIT 1   [ RunTime:0.000130s ]
SQL: SHOW COLUMNS FROM `ocenter_menu` [ RunTime:0.065995s ]
SQL: SELECT `id`,`pid`,`title`,`url` FROM `ocenter_menu` WHERE ( id=2 ) LIMIT 1   [ RunTime:0.000173s ]
SQL: SELECT DISTINCT  `group` FROM `ocenter_menu` WHERE ( pid = 2 ) ORDER BY sort asc  [ RunTime:0.000397s ]
SQL: SELECT `id`,`url` FROM `ocenter_menu` WHERE `pid` = 2 AND `hide` = 0 AND `is_dev` = 0  [ RunTime:0.000251s ]
SQL: SELECT `id`,`pid`,`title`,`url`,`tip`,`module` FROM `ocenter_menu` WHERE `group` = 'è®¤è¯ç®¡ç†' AND `pid` = 2 AND `hide` = 0 AND `is_dev` = 0 ORDER BY sort asc  [ RunTime:0.000304s ]
NOTIC: [8] Undefined index: module E:\WWW\opsns\Application\Admin\Controller\AdminController.class.php ç¬¬ 477 è¡Œ.
SQL: SELECT `id`,`pid`,`title`,`url`,`tip`,`module` FROM `ocenter_menu` WHERE `group` = 'å¤´è¡”ç®¡ç†' AND `pid` = 2 AND `hide` = 0 AND `is_dev` = 0 ORDER BY sort asc  [ RunTime:0.000282s ]
SQL: SELECT `id`,`pid`,`title`,`url`,`tip`,`module` FROM `ocenter_menu` WHERE `group` = 'èº«ä»½ç®¡ç†' AND `pid` = 2 AND `hide` = 0 AND `is_dev` = 0 ORDER BY sort asc  [ RunTime:0.000429s ]
SQL: SELECT `id`,`pid`,`title`,`url`,`tip`,`module` FROM `ocenter_menu` WHERE `group` = 'ç”¨æˆ·é…ç½®' AND `pid` = 2 AND `hide` = 0 AND `is_dev` = 0 ORDER BY sort asc  [ RunTime:0.000330s ]
SQL: SELECT `id`,`pid`,`title`,`url`,`tip`,`module` FROM `ocenter_menu` WHERE `group` = '' AND `pid` = 2 AND `hide` = 0 AND `is_dev` = 0 ORDER BY sort asc  [ RunTime:0.000291s ]
SQL: SELECT `id`,`pid`,`title`,`url`,`tip`,`module` FROM `ocenter_menu` WHERE `group` = 'æ ‡ç­¾ä¸Žèµ„æ–\™' AND `pid` = 2 AND `hide` = 0 AND `is_dev` = 0 ORDER BY sort asc  [ RunTime:0.000287s ]
SQL: SHOW COLUMNS FROM `ocenter_module` [ RunTime:0.020375s ]
SQL: SELECT * FROM `ocenter_menu` WHERE `module` = 'Event' AND `pid` = 0 LIMIT 1   [ RunTime:0.000313s ]
SQL: SELECT DISTINCT  `group` FROM `ocenter_menu` WHERE ( pid = 10038 ) ORDER BY sort asc  [ RunTime:0.000340s ]
SQL: SELECT `id`,`url` FROM `ocenter_menu` WHERE `pid` = 10038 AND `hide` = 0 AND `is_dev` = 0  [ RunTime:0.000174s ]
SQL: SELECT `id`,`pid`,`title`,`url`,`tip` FROM `ocenter_menu` WHERE `group` = 'å†…å®¹ç®¡ç†' AND `pid` = 10038 AND `hide` = 0 AND `is_dev` = 0 ORDER BY sort asc  [ RunTime:0.000219s ]
SQL: SELECT `id`,`pid`,`title`,`url`,`tip` FROM `ocenter_menu` WHERE `group` = 'è®¾ç½®' AND `pid` = 10038 AND `hide` = 0 AND `is_dev` = 0 ORDER BY sort asc  [ RunTime:0.000185s ]
SQL: SELECT `id`,`pid`,`title`,`url`,`tip` FROM `ocenter_menu` WHERE `group` = 'æ´»åŠ¨åˆ†ç±»ç®¡ç†' AND `pid` = 10038 AND `hide` = 0 AND `is_dev` = 0 ORDER BY sort asc  [ RunTime:0.000228s ]
SQL: SELECT * FROM `ocenter_menu` WHERE `module` = 'Forum' AND `pid` = 0 LIMIT 1   [ RunTime:0.000324s ]
SQL: SELECT * FROM `ocenter_menu` WHERE `module` = 'Group' AND `pid` = 0 LIMIT 1   [ RunTime:0.000279s ]
SQL: SELECT * FROM `ocenter_menu` WHERE `module` = 'Home' AND `pid` = 0 LIMIT 1   [ RunTime:0.000191s ]
SQL: SELECT DISTINCT  `group` FROM `ocenter_menu` WHERE ( pid = 10000 ) ORDER BY sort asc  [ RunTime:0.000277s ]
SQL: SELECT `id`,`url` FROM `ocenter_menu` WHERE `pid` = 10000 AND `hide` = 0 AND `is_dev` = 0  [ RunTime:0.000137s ]
SQL: SELECT `id`,`pid`,`title`,`url`,`tip` FROM `ocenter_menu` WHERE `group` = 'è®¾ç½®' AND `pid` = 10000 AND `hide` = 0 AND `is_dev` = 0 ORDER BY sort asc  [ RunTime:0.000170s ]
SQL: SELECT * FROM `ocenter_menu` WHERE `module` = 'Issue' AND `pid` = 0 LIMIT 1   [ RunTime:0.000230s ]
SQL: SELECT * FROM `ocenter_menu` WHERE `module` = 'Mob' AND `pid` = 0 LIMIT 1   [ RunTime:0.000228s ]
SQL: SELECT DISTINCT  `group` FROM `ocenter_menu` WHERE ( pid = 10051 ) ORDER BY sort asc  [ RunTime:0.000310s ]
SQL: SELECT `id`,`url` FROM `ocenter_menu` WHERE `pid` = 10051 AND `hide` = 0 AND `is_dev` = 0  [ RunTime:0.000268s ]
SQL: SELECT `id`,`pid`,`title`,`url`,`tip` FROM `ocenter_menu` WHERE `group` = 'è®¾ç½®' AND `pid` = 10051 AND `hide` = 0 AND `is_dev` = 0 ORDER BY sort asc  [ RunTime:0.000212s ]
SQL: SELECT * FROM `ocenter_menu` WHERE `module` = 'News' AND `pid` = 0 LIMIT 1   [ RunTime:0.000211s ]
SQL: SELECT DISTINCT  `group` FROM `ocenter_menu` WHERE ( pid = 10026 ) ORDER BY sort asc  [ RunTime:0.000259s ]
SQL: SELECT `id`,`url` FROM `ocenter_menu` WHERE `pid` = 10026 AND `hide` = 0 AND `is_dev` = 0  [ RunTime:0.000154s ]
SQL: SELECT `id`,`pid`,`title`,`url`,`tip` FROM `ocenter_menu` WHERE `group` = 'èµ„è®¯é…ç½®' AND `pid` = 10026 AND `hide` = 0 AND `is_dev` = 0 ORDER BY sort asc  [ RunTime:0.000214s ]
SQL: SELECT `id`,`pid`,`title`,`url`,`tip` FROM `ocenter_menu` WHERE `group` = 'èµ„è®¯ç®¡ç†' AND `pid` = 10026 AND `hide` = 0 AND `is_dev` = 0 ORDER BY sort asc  [ RunTime:0.000189s ]
SQL: SELECT * FROM `ocenter_menu` WHERE `module` = 'Paper' AND `pid` = 0 LIMIT 1   [ RunTime:0.000189s ]
SQL: SELECT DISTINCT  `group` FROM `ocenter_menu` WHERE ( pid = 10018 ) ORDER BY sort asc  [ RunTime:0.000287s ]
SQL: SELECT `id`,`url` FROM `ocenter_menu` WHERE `pid` = 10018 AND `hide` = 0 AND `is_dev` = 0  [ RunTime:0.000188s ]
SQL: SELECT `id`,`pid`,`title`,`url`,`tip` FROM `ocenter_menu` WHERE `group` = 'é…ç½®ç®¡ç†' AND `pid` = 10018 AND `hide` = 0 AND `is_dev` = 0 ORDER BY sort asc  [ RunTime:0.000242s ]
SQL: SELECT `id`,`pid`,`title`,`url`,`tip` FROM `ocenter_menu` WHERE `group` = 'æ–‡ç« ç®¡ç†' AND `pid` = 10018 AND `hide` = 0 AND `is_dev` = 0 ORDER BY sort asc  [ RunTime:0.000214s ]
SQL: SELECT * FROM `ocenter_menu` WHERE `module` = 'People' AND `pid` = 0 LIMIT 1   [ RunTime:0.000183s ]
SQL: SELECT DISTINCT  `group` FROM `ocenter_menu` WHERE ( pid = 10016 ) ORDER BY sort asc  [ RunTime:0.000241s ]
SQL: SELECT `id`,`url` FROM `ocenter_menu` WHERE `pid` = 10016 AND `hide` = 0 AND `is_dev` = 0  [ RunTime:0.000133s ]
SQL: SELECT `id`,`pid`,`title`,`url`,`tip` FROM `ocenter_menu` WHERE `group` = 'é…ç½®' AND `pid` = 10016 AND `hide` = 0 AND `is_dev` = 0 ORDER BY sort asc  [ RunTime:0.000161s ]
SQL: SELECT * FROM `ocenter_menu` WHERE `module` = 'Shop' AND `pid` = 0 LIMIT 1   [ RunTime:0.000211s ]
SQL: SELECT * FROM `ocenter_menu` WHERE `module` = 'Ucenter' AND `pid` = 0 LIMIT 1   [ RunTime:0.000194s ]
SQL: SELECT * FROM `ocenter_menu` WHERE `module` = 'Weibo' AND `pid` = 0 LIMIT 1   [ RunTime:0.000174s ]
SQL: SELECT DISTINCT  `group` FROM `ocenter_menu` WHERE ( pid = 10002 ) ORDER BY sort asc  [ RunTime:0.000307s ]
SQL: SELECT `id`,`url` FROM `ocenter_menu` WHERE `pid` = 10002 AND `hide` = 0 AND `is_dev` = 0  [ RunTime:0.000198s ]
SQL: SELECT `id`,`pid`,`title`,`url`,`tip` FROM `ocenter_menu` WHERE `group` = 'è®¾ç½®' AND `pid` = 10002 AND `hide` = 0 AND `is_dev` = 0 ORDER BY sort asc  [ RunTime:0.000227s ]
SQL: SELECT `id`,`pid`,`title`,`url`,`tip` FROM `ocenter_menu` WHERE `group` = '' AND `pid` = 10002 AND `hide` = 0 AND `is_dev` = 0 ORDER BY sort asc  [ RunTime:0.000391s ]
SQL: SELECT `id`,`pid`,`title`,`url`,`tip` FROM `ocenter_menu` WHERE `group` = 'è¯é¢˜ç®¡ç†' AND `pid` = 10002 AND `hide` = 0 AND `is_dev` = 0 ORDER BY sort asc  [ RunTime:0.000391s ]
SQL: SELECT `id`,`pid`,`title`,`url`,`tip` FROM `ocenter_menu` WHERE `group` = 'å¾®åš' AND `pid` = 10002 AND `hide` = 0 AND `is_dev` = 0 ORDER BY sort asc  [ RunTime:0.000313s ]
SQL: SELECT `id`,`pid`,`title`,`url`,`tip` FROM `ocenter_menu` WHERE `group` = 'å›žå¤' AND `pid` = 10002 AND `hide` = 0 AND `is_dev` = 0 ORDER BY sort asc  [ RunTime:0.000294s ]
SQL: SELECT * FROM `ocenter_menu` WHERE `module` = 'Wxxcx' AND `pid` = 0 LIMIT 1   [ RunTime:0.000251s ]
SQL: SHOW COLUMNS FROM `ocenter_addons` [ RunTime:0.016382s ]
SQL: SHOW COLUMNS FROM `ocenter_version` [ RunTime:0.017800s ]
SQL: SELECT * FROM `ocenter_version` ORDER BY number asc  [ RunTime:0.000154s ]
SQL: SELECT * FROM `ocenter_version` WHERE `name` = '5.2.0' LIMIT 1   [ RunTime:0.000134s ]
NOTIC: [2] Invalid argument supplied for foreach() E:\WWW\opsns\Application\Admin\Model\VersionModel.class.php ç¬¬ 91 è¡Œ.
NOTIC: [8] Undefined variable: map E:\WWW\opsns\Application\Admin\Controller\UserController.class.php ç¬¬ 64 è¡Œ.
SQL: SHOW COLUMNS FROM `ocenter_member` [ RunTime:0.014034s ]
SQL: SELECT COUNT(*) AS tp_count FROM `ocenter_member` WHERE `status` >= 0 LIMIT 1   [ RunTime:0.000163s ]
SQL: SELECT `uid`,`nickname`,`sex`,`birthday`,`qq`,`login`,`reg_ip`,`reg_time`,`last_login_ip`,`last_login_time`,`status`,`last_login_role`,`show_role`,`signature`,`pos_province`,`pos_city`,`pos_district`,`pos_community`,`score1`,`score2`,`score3`,`score4`,`con_check`,`total_check`,`fans`,`session_id` FROM `ocenter_member` WHERE `status` >= 0 ORDER BY uid desc LIMIT 0,10   [ RunTime:0.000365s ]
SQL: select username,email,mobile from `ocenter_member`,`ocenter_ucenter_member` where uid=id and uid=100 limit 1 [ RunTime:0.000235s ]
SQL: SHOW COLUMNS FROM `ocenter_register` [ RunTime:0.017438s ]
SQL: SELECT * FROM `ocenter_register` WHERE `uid` = 100 LIMIT 1   [ RunTime:0.000271s ]
SQL: select username,email,mobile from `ocenter_member`,`ocenter_ucenter_member` where uid=id and uid=1 limit 1 [ RunTime:0.000197s ]
SQL: SELECT * FROM `ocenter_register` WHERE `uid` = 1 LIMIT 1   [ RunTime:0.000267s ]
INFO: [ view_parse ] --START--
INFO: [ template_filter ] --START--
INFO: Run Behavior\ContentReplaceBehavior [ RunTime:0.000913s ]
INFO: [ template_filter ] --END-- [ RunTime:0.000976s ]
SQL: SELECT `value` FROM `ocenter_config` WHERE `name` = '_CONFIG_LOGO' LIMIT 1   [ RunTime:0.000253s ]
SQL: SELECT `type`,`name`,`value` FROM `ocenter_config` WHERE `status` = 1  [ RunTime:0.000512s ]
SQL: SELECT * FROM `ocenter_module` WHERE `name` = 'Admin' LIMIT 1   [ RunTime:0.000268s ]
INFO: [ action_begin ] --START--
INFO: Run Common\Behavior\InitModuleInfoBehavior [ RunTime:0.000013s ]
INFO: [ action_begin ] --END-- [ RunTime:-0.794912s ]
SQL: SHOW COLUMNS FROM `ocenter_avatar` [ RunTime:0.026529s ]
SQL: SELECT * FROM `ocenter_avatar` WHERE `uid` = 1 AND `status` = 1 AND `is_temp` = 0 LIMIT 1   [ RunTime:0.000183s ]
SQL: SHOW COLUMNS FROM `ocenter_member` [ RunTime:0.014185s ]
SQL: SELECT `show_role` FROM `ocenter_member` WHERE ( uid=1 )  [ RunTime:0.000167s ]
SQL: SHOW COLUMNS FROM `ocenter_role_config` [ RunTime:0.023499s ]
SQL: SELECT `value` FROM `ocenter_role_config` WHERE `role_id` = 1 AND `category` = '' AND `name` = 'avatar' LIMIT 1   [ RunTime:0.000186s ]
NOTIC: [2] unlink(./Runtime/Temp/b82bfd615935c9163c364014ec58e7ba.php): No such file or directory E:\WWW\opsns\ThinkPHP\Library\Think\Cache\Driver\File.class.php ç¬¬ 158 è¡Œ.
NOTIC: [2] unlink(./Runtime/Temp/19ea219ce2b2da2e15648a7282edc0c5.php): No such file or directory E:\WWW\opsns\ThinkPHP\Library\Think\Cache\Driver\File.class.php ç¬¬ 158 è¡Œ.
SQL: SELECT * FROM `ocenter_avatar` WHERE `uid` = 1 AND `status` = 1 AND `is_temp` = 0 LIMIT 1   [ RunTime:0.000179s ]
SQL: SELECT `show_role` FROM `ocenter_member` WHERE ( uid=1 )  [ RunTime:0.000119s ]
SQL: SELECT `value` FROM `ocenter_role_config` WHERE `role_id` = 1 AND `category` = '' AND `name` = 'avatar' LIMIT 1   [ RunTime:0.000142s ]
NOTIC: [2] unlink(./Runtime/Temp/b82bfd615935c9163c364014ec58e7ba.php): No such file or directory E:\WWW\opsns\ThinkPHP\Library\Think\Cache\Driver\File.class.php ç¬¬ 158 è¡Œ.
NOTIC: [2] unlink(./Runtime/Temp/19ea219ce2b2da2e15648a7282edc0c5.php): No such file or directory E:\WWW\opsns\ThinkPHP\Library\Think\Cache\Driver\File.class.php ç¬¬ 158 è¡Œ.
SQL: SELECT * FROM `ocenter_avatar` WHERE `uid` = 1 AND `status` = 1 AND `is_temp` = 0 LIMIT 1   [ RunTime:0.000227s ]
SQL: SELECT `show_role` FROM `ocenter_member` WHERE ( uid=1 )  [ RunTime:0.000218s ]
SQL: SELECT `value` FROM `ocenter_role_config` WHERE `role_id` = 1 AND `category` = '' AND `name` = 'avatar' LIMIT 1   [ RunTime:0.000166s ]
NOTIC: [2] unlink(./Runtime/Temp/b82bfd615935c9163c364014ec58e7ba.php): No such file or directory E:\WWW\opsns\ThinkPHP\Library\Think\Cache\Driver\File.class.php ç¬¬ 158 è¡Œ.
NOTIC: [2] unlink(./Runtime/Temp/19ea219ce2b2da2e15648a7282edc0c5.php): No such file or directory E:\WWW\opsns\ThinkPHP\Library\Think\Cache\Driver\File.class.php ç¬¬ 158 è¡Œ.
SQL: SELECT * FROM `ocenter_avatar` WHERE `uid` = 1 AND `status` = 1 AND `is_temp` = 0 LIMIT 1   [ RunTime:0.000161s ]
SQL: SELECT `show_role` FROM `ocenter_member` WHERE ( uid=1 )  [ RunTime:0.000112s ]
SQL: SELECT `value` FROM `ocenter_role_config` WHERE `role_id` = 1 AND `category` = '' AND `name` = 'avatar' LIMIT 1   [ RunTime:0.000158s ]
NOTIC: [2] unlink(./Runtime/Temp/b82bfd615935c9163c364014ec58e7ba.php): No such file or directory E:\WWW\opsns\ThinkPHP\Library\Think\Cache\Driver\File.class.php ç¬¬ 158 è¡Œ.
NOTIC: [2] unlink(./Runtime/Temp/19ea219ce2b2da2e15648a7282edc0c5.php): No such file or directory E:\WWW\opsns\ThinkPHP\Library\Think\Cache\Driver\File.class.php ç¬¬ 158 è¡Œ.
SQL: SELECT * FROM `ocenter_avatar` WHERE `uid` = 1 AND `status` = 1 AND `is_temp` = 0 LIMIT 1   [ RunTime:0.000212s ]
SQL: SELECT `show_role` FROM `ocenter_member` WHERE ( uid=1 )  [ RunTime:0.000119s ]
SQL: SELECT `value` FROM `ocenter_role_config` WHERE `role_id` = 1 AND `category` = '' AND `name` = 'avatar' LIMIT 1   [ RunTime:0.000140s ]
NOTIC: [2] unlink(./Runtime/Temp/b82bfd615935c9163c364014ec58e7ba.php): No such file or directory E:\WWW\opsns\ThinkPHP\Library\Think\Cache\Driver\File.class.php ç¬¬ 158 è¡Œ.
NOTIC: [2] unlink(./Runtime/Temp/19ea219ce2b2da2e15648a7282edc0c5.php): No such file or directory E:\WWW\opsns\ThinkPHP\Library\Think\Cache\Driver\File.class.php ç¬¬ 158 è¡Œ.
NOTIC: [8] Undefined index: admin_entry E:\WWW\opsns\Runtime\Cache\Admin\26aaa567eb9acdbcb9e2554cd2626e00.php ç¬¬ 188 è¡Œ.
NOTIC: [8] Undefined index: admin_entry E:\WWW\opsns\Runtime\Cache\Admin\26aaa567eb9acdbcb9e2554cd2626e00.php ç¬¬ 188 è¡Œ.
NOTIC: [8] Undefined index: admin_entry E:\WWW\opsns\Runtime\Cache\Admin\26aaa567eb9acdbcb9e2554cd2626e00.php ç¬¬ 188 è¡Œ.
SQL: SELECT `id` FROM `ocenter_menu` WHERE ( url like '%User/index' AND pid > 0 ) LIMIT 1   [ RunTime:0.000344s ]
NOTIC: [8] Array to string conversion E:\WWW\opsns\Runtime\Cache\Admin\26aaa567eb9acdbcb9e2554cd2626e00.php ç¬¬ 265 è¡Œ.
NOTIC: [8] Undefined variable: report E:\WWW\opsns\Runtime\Cache\Admin\26aaa567eb9acdbcb9e2554cd2626e00.php ç¬¬ 617 è¡Œ.
INFO: Run Behavior\ParseTemplateBehavior [ RunTime:0.449930s ]
INFO: [ view_parse ] --END-- [ RunTime:0.449972s ]
INFO: [ view_filter ] --START--
INFO: Run Behavior\WriteHtmlCacheBehavior [ RunTime:0.000450s ]
INFO: [ view_filter ] --END-- [ RunTime:0.000496s ]
INFO: [ app_end ] --START--
INFO: Run Behavior\ShowPageTraceBehavior [ RunTime:0.000878s ]
INFO: [ app_end ] --END-- [ RunTime:0.000951s ]

[ 2017-11-07T18:21:26+08:00 ] 127.0.0.1 /index.php?s=/admin/user/expandinfo_details/uid/100.html
INFO: [ app_begin ] --START--
INFO: Run Behavior\ReadHtmlCacheBehavior [ RunTime:0.000416s ]
INFO: Run Behavior\CheckLangBehavior [ RunTime:0.025933s ]
INFO: [ app_begin ] --END-- [ RunTime:0.026751s ]
SQL: SHOW COLUMNS FROM `ocenter_module` [ RunTime:0.024675s ]
SQL: SELECT `type`,`name`,`value` FROM `ocenter_config` WHERE `status` = 1  [ RunTime:0.000352s ]
SQL: SELECT * FROM `ocenter_module` WHERE `name` = 'Admin' LIMIT 1   [ RunTime:0.000168s ]
INFO: [ action_begin ] --START--
INFO: Run Common\Behavior\InitModuleInfoBehavior [ RunTime:0.000353s ]
INFO: [ action_begin ] --END-- [ RunTime:0.000389s ]
NOTIC: [8] unserialize(): Error at offset 6012 of 7144 bytes E:\WWW\opsns\ThinkPHP\Library\Think\Cache\Driver\File.class.php ç¬¬ 104 è¡Œ.
SQL: SELECT `type`,`name`,`value` FROM `ocenter_config` WHERE `status` = 1  [ RunTime:0.000361s ]
SQL: SHOW COLUMNS FROM `ocenter_version` [ RunTime:0.014455s ]
SQL: SHOW COLUMNS FROM `ocenter_member` [ RunTime:0.014065s ]
SQL: SELECT * FROM `ocenter_member` WHERE `uid` = 100 AND `status` >= 0 LIMIT 1   [ RunTime:0.000312s ]
SQL: SHOW COLUMNS FROM `ocenter_ucenter_member` [ RunTime:0.020020s ]
SQL: SELECT `username`,`email`,`mobile` FROM `ocenter_ucenter_member` WHERE `id` = 100 LIMIT 1   [ RunTime:0.000196s ]
SQL: SHOW COLUMNS FROM `ocenter_field_group` [ RunTime:0.017642s ]
SQL: SELECT * FROM `ocenter_field_group` WHERE `status` = 1  [ RunTime:0.000218s ]
SQL: SHOW COLUMNS FROM `ocenter_field_setting` [ RunTime:0.029424s ]
SQL: SELECT `id`,`field_name`,`form_type` FROM `ocenter_field_setting` WHERE `status` = 1 AND `profile_group_id` IN ('1','2')  [ RunTime:0.000214s ]
SQL: SHOW COLUMNS FROM `ocenter_field` [ RunTime:0.016466s ]
SQL: SELECT `field_data` FROM `ocenter_field` WHERE `uid` = 100 AND `field_id` = 1 LIMIT 1   [ RunTime:0.000172s ]
SQL: SELECT `field_data` FROM `ocenter_field` WHERE `uid` = 100 AND `field_id` = 2 LIMIT 1   [ RunTime:0.000120s ]
SQL: SELECT `field_data` FROM `ocenter_field` WHERE `uid` = 100 AND `field_id` = 3 LIMIT 1   [ RunTime:0.000123s ]
SQL: SELECT `field_data` FROM `ocenter_field` WHERE `uid` = 100 AND `field_id` = 4 LIMIT 1   [ RunTime:0.000109s ]
SQL: SELECT `field_data` FROM `ocenter_field` WHERE `uid` = 100 AND `field_id` = 5 LIMIT 1   [ RunTime:0.000150s ]
SQL: SELECT `field_data` FROM `ocenter_field` WHERE `uid` = 100 AND `field_id` = 6 LIMIT 1   [ RunTime:0.000114s ]
NOTIC: [2048] Declaration of Admin\Builder\AdminConfigBuilder::display() should be compatible with Admin\Builder\AdminBuilder::display($templateFile = '', $charset = '', $contentType = '', $content = '', $prefix = '') E:\WWW\opsns\Application\Admin\Builder\AdminConfigBuilder.class.php ç¬¬ 12 è¡Œ.
SQL: SELECT `type`,`name`,`value` FROM `ocenter_config` WHERE `status` = 1  [ RunTime:0.000375s ]
SQL: SELECT * FROM `ocenter_module` WHERE `name` = 'Admin' LIMIT 1   [ RunTime:0.000166s ]
INFO: [ action_begin ] --START--
INFO: Run Common\Behavior\InitModuleInfoBehavior [ RunTime:0.000009s ]
INFO: [ action_begin ] --END-- [ RunTime:-0.127117s ]
SQL: SHOW COLUMNS FROM `ocenter_ucenter_score_type` [ RunTime:0.021009s ]
SQL: SHOW COLUMNS FROM `ocenter_score` [ RunTime:0.003563s ]
ERR: 1146:Table 'opsns.ocenter_score' doesn't exist
 [ SQLè¯­å¥ ] : SHOW COLUMNS FROM `ocenter_score`
SQL: SELECT * FROM `ocenter_ucenter_score_type` WHERE `status` = 1 ORDER BY id asc  [ RunTime:0.000265s ]
SQL: SHOW COLUMNS FROM `ocenter_member` [ RunTime:0.011999s ]
SQL: SELECT `score1`,`score2`,`score3`,`score4` FROM `ocenter_member` WHERE `uid` = 100 LIMIT 1   [ RunTime:0.000195s ]
SQL: SHOW COLUMNS FROM `ocenter_user_role` [ RunTime:0.017442s ]
SQL: SELECT `role_id` FROM `ocenter_user_role` WHERE `uid` = 100 AND `status` = 1  [ RunTime:0.000223s ]
SQL: SHOW COLUMNS FROM `ocenter_role` [ RunTime:0.045105s ]
SQL: SELECT * FROM `ocenter_role` WHERE `group_id` = 0 AND `status` = 1  [ RunTime:0.000215s ]
NOTIC: [8] Undefined index: role E:\WWW\opsns\Application\Admin\Builder\AdminConfigBuilder.class.php ç¬¬ 657 è¡Œ.
SQL: SHOW COLUMNS FROM `ocenter_role_group` [ RunTime:0.017632s ]
SQL: SELECT * FROM `ocenter_role_group`  [ RunTime:0.000123s ]
NOTIC: [2] Invalid argument supplied for foreach() E:\WWW\opsns\Application\Admin\Controller\UserController.class.php ç¬¬ 446 è¡Œ.
NOTIC: [8] Undefined index: æ˜µç§° E:\WWW\opsns\Application\Admin\Controller\UserController.class.php ç¬¬ 472 è¡Œ.
NOTIC: [8] Undefined index: æ˜µç§° E:\WWW\opsns\Application\Admin\Controller\UserController.class.php ç¬¬ 472 è¡Œ.
NOTIC: [8] Undefined index:  E:\WWW\opsns\Application\Admin\Builder\AdminConfigBuilder.class.php ç¬¬ 399 è¡Œ.
INFO: [ view_parse ] --START--
INFO: [ template_filter ] --START--
INFO: Run Behavior\ContentReplaceBehavior [ RunTime:0.002143s ]
INFO: [ template_filter ] --END-- [ RunTime:0.002222s ]
SQL: SELECT `value` FROM `ocenter_config` WHERE `name` = '_CONFIG_LOGO' LIMIT 1   [ RunTime:0.000298s ]
NOTIC: [8] Undefined index: admin_entry E:\WWW\opsns\Runtime\Cache\Admin\e62705bf73b15a3be1142e56554d77a3.php ç¬¬ 188 è¡Œ.
NOTIC: [8] Undefined index: admin_entry E:\WWW\opsns\Runtime\Cache\Admin\e62705bf73b15a3be1142e56554d77a3.php ç¬¬ 188 è¡Œ.
NOTIC: [8] Undefined index: admin_entry E:\WWW\opsns\Runtime\Cache\Admin\e62705bf73b15a3be1142e56554d77a3.php ç¬¬ 188 è¡Œ.
SQL: SHOW COLUMNS FROM `ocenter_menu` [ RunTime:0.079852s ]
SQL: SELECT `id` FROM `ocenter_menu` WHERE ( url like '%User/expandinfo_details' AND pid > 0 ) LIMIT 1   [ RunTime:0.000575s ]
NOTIC: [8] Array to string conversion E:\WWW\opsns\Runtime\Cache\Admin\e62705bf73b15a3be1142e56554d77a3.php ç¬¬ 265 è¡Œ.
NOTIC: [8] Undefined variable: report E:\WWW\opsns\Runtime\Cache\Admin\e62705bf73b15a3be1142e56554d77a3.php ç¬¬ 1199 è¡Œ.
NOTIC: [8] Undefined variable: chosen_select2 E:\WWW\opsns\Runtime\Cache\Admin\e62705bf73b15a3be1142e56554d77a3.php ç¬¬ 1388 è¡Œ.
NOTIC: [8] Undefined variable: has_nestable E:\WWW\opsns\Runtime\Cache\Admin\e62705bf73b15a3be1142e56554d77a3.php ç¬¬ 1395 è¡Œ.
NOTIC: [8] Undefined variable: colorPicker E:\WWW\opsns\Runtime\Cache\Admin\e62705bf73b15a3be1142e56554d77a3.php ç¬¬ 1452 è¡Œ.
NOTIC: [8] Undefined variable: myJs E:\WWW\opsns\Runtime\Cache\Admin\e62705bf73b15a3be1142e56554d77a3.php ç¬¬ 1552 è¡Œ.
INFO: Run Behavior\ParseTemplateBehavior [ RunTime:1.121570s ]
INFO: [ view_parse ] --END-- [ RunTime:1.121607s ]
INFO: [ view_filter ] --START--
INFO: Run Behavior\WriteHtmlCacheBehavior [ RunTime:0.000335s ]
INFO: [ view_filter ] --END-- [ RunTime:0.000364s ]
INFO: [ app_end ] --START--
INFO: Run Behavior\ShowPageTraceBehavior [ RunTime:0.000842s ]
INFO: [ app_end ] --END-- [ RunTime:0.000914s ]

[ 2017-11-07T18:21:48+08:00 ] 127.0.0.1 /index.php?s=/admin/user/index.html
INFO: [ app_begin ] --START--
INFO: Run Behavior\ReadHtmlCacheBehavior [ RunTime:0.000424s ]
INFO: Run Behavior\CheckLangBehavior [ RunTime:0.026416s ]
INFO: [ app_begin ] --END-- [ RunTime:0.027215s ]
SQL: SHOW COLUMNS FROM `ocenter_module` [ RunTime:0.023214s ]
SQL: SELECT `type`,`name`,`value` FROM `ocenter_config` WHERE `status` = 1  [ RunTime:0.000450s ]
SQL: SELECT * FROM `ocenter_module` WHERE `name` = 'Admin' LIMIT 1   [ RunTime:0.000238s ]
INFO: [ action_begin ] --START--
INFO: Run Common\Behavior\InitModuleInfoBehavior [ RunTime:0.000461s ]
INFO: [ action_begin ] --END-- [ RunTime:0.000506s ]
NOTIC: [8] unserialize(): Error at offset 6012 of 7144 bytes E:\WWW\opsns\ThinkPHP\Library\Think\Cache\Driver\File.class.php ç¬¬ 104 è¡Œ.
SQL: SELECT `type`,`name`,`value` FROM `ocenter_config` WHERE `status` = 1  [ RunTime:0.000350s ]
SQL: SHOW COLUMNS FROM `ocenter_version` [ RunTime:0.016408s ]
NOTIC: [8] Undefined variable: map E:\WWW\opsns\Application\Admin\Controller\UserController.class.php ç¬¬ 64 è¡Œ.
SQL: SHOW COLUMNS FROM `ocenter_member` [ RunTime:0.013417s ]
SQL: SELECT COUNT(*) AS tp_count FROM `ocenter_member` WHERE `status` >= 0 LIMIT 1   [ RunTime:0.000280s ]
SQL: SELECT `uid`,`nickname`,`sex`,`birthday`,`qq`,`login`,`reg_ip`,`reg_time`,`last_login_ip`,`last_login_time`,`status`,`last_login_role`,`show_role`,`signature`,`pos_province`,`pos_city`,`pos_district`,`pos_community`,`score1`,`score2`,`score3`,`score4`,`con_check`,`total_check`,`fans`,`session_id` FROM `ocenter_member` WHERE `status` >= 0 ORDER BY uid desc LIMIT 0,10   [ RunTime:0.000481s ]
SQL: select username from `ocenter_member`,`ocenter_ucenter_member` where uid=id and uid=100 limit 1 [ RunTime:0.000251s ]
SQL: SHOW COLUMNS FROM `ocenter_register` [ RunTime:0.022077s ]
SQL: SELECT * FROM `ocenter_register` WHERE `uid` = 100 LIMIT 1   [ RunTime:0.000273s ]
SQL: select mobile from `ocenter_member`,`ocenter_ucenter_member` where uid=id and uid=1 limit 1 [ RunTime:0.000203s ]
SQL: SELECT * FROM `ocenter_register` WHERE `uid` = 1 LIMIT 1   [ RunTime:0.000146s ]
INFO: [ view_parse ] --START--
INFO: [ template_filter ] --START--
INFO: Run Behavior\ContentReplaceBehavior [ RunTime:0.000916s ]
INFO: [ template_filter ] --END-- [ RunTime:0.000976s ]
SQL: SELECT `value` FROM `ocenter_config` WHERE `name` = '_CONFIG_LOGO' LIMIT 1   [ RunTime:0.000249s ]
NOTIC: [8] Undefined index: admin_entry E:\WWW\opsns\Runtime\Cache\Admin\26aaa567eb9acdbcb9e2554cd2626e00.php ç¬¬ 188 è¡Œ.
NOTIC: [8] Undefined index: admin_entry E:\WWW\opsns\Runtime\Cache\Admin\26aaa567eb9acdbcb9e2554cd2626e00.php ç¬¬ 188 è¡Œ.
NOTIC: [8] Undefined index: admin_entry E:\WWW\opsns\Runtime\Cache\Admin\26aaa567eb9acdbcb9e2554cd2626e00.php ç¬¬ 188 è¡Œ.
SQL: SHOW COLUMNS FROM `ocenter_menu` [ RunTime:0.076334s ]
SQL: SELECT `id` FROM `ocenter_menu` WHERE ( url like '%User/index' AND pid > 0 ) LIMIT 1   [ RunTime:0.000404s ]
NOTIC: [8] Array to string conversion E:\WWW\opsns\Runtime\Cache\Admin\26aaa567eb9acdbcb9e2554cd2626e00.php ç¬¬ 265 è¡Œ.
NOTIC: [8] Undefined variable: report E:\WWW\opsns\Runtime\Cache\Admin\26aaa567eb9acdbcb9e2554cd2626e00.php ç¬¬ 617 è¡Œ.
INFO: Run Behavior\ParseTemplateBehavior [ RunTime:0.419370s ]
INFO: [ view_parse ] --END-- [ RunTime:0.419412s ]
INFO: [ view_filter ] --START--
INFO: Run Behavior\WriteHtmlCacheBehavior [ RunTime:0.000452s ]
INFO: [ view_filter ] --END-- [ RunTime:0.000497s ]
INFO: [ app_end ] --START--
INFO: Run Behavior\ShowPageTraceBehavior [ RunTime:0.000859s ]
INFO: [ app_end ] --END-- [ RunTime:0.000932s ]

